[    0.000000] Initializing cgroup subsys cpuset
[    0.000000] Initializing cgroup subsys cpu
[    0.000000] Initializing cgroup subsys cpuacct
[    0.000000] Linux version 4.4.0-176-generic (buildd@lgw01-amd64-035) (gcc version 5.4.0 20160609 (Ubuntu 5.4.0-6ubuntu1~16.04.12) ) #206-Ubuntu SMP Fri Feb 28 05:02:04 UTC 2020 (Ubuntu 4.4.0-176.206-generic 4..211)
[    0.000000] Command line: BOOT_IMAGE=/boot/vmlinuz-4.4.0-176-generic root=LABEL=cloudimg-rootfs ro console=tty1 console=ttyS0
[    0.000000] KERNEL supported cpus:
[    0.000000]   Intel GenuineIntel
[    0.000000]   AMD AuthenticAMD
[    0.000000]   Centaur CentaurHauls
[    0.000000] x86/fpu: xstate_offset[2]:  576, xstate_sizes[2]:  256
[    0.000000] x86/fpu: Supporting XSAVE feature 0x01: 'x87 floating point registers'
[    0.000000] x86/fpu: Supporting XSAVE feature 0x02: 'SSE registers'
[    0.000000] x86/fpu: Supporting XSAVE feature 0x04: 'AVX registers'
[    0.000000] x86fpu: Enabled xstate features 0x7, context size is 832 bytes, using 'standard' format.
[    0.000000] e820: BIOS-provided physical RAM map:
[    0.000000] BIOS-e820: [mem 0x00000000000000-0x000000000009fbff] usable
[    0.000000] BIOS-e820: [mem 0x000000000009fc00-0x000000000009ffff] reserved
[    0000000] BIOS-e820: [mem 0x00000000000f0000-0x000000000fffff] reserved
[    0.000000] BIOS-e820: [mem 0x0000000000100000-0x00000000dffeffff] usable
[    0.000000] BIOS-e820: [mem 0x00000000dfff0000-0x00000000dfffffff] ACPI data
[    0.000000] BIOS-e820: [mem 0x00000000fec00000-0x00000000fec00fff] reserved
[    0.000000] BIOS-e820: [mem 0x00000000fee00000-0x00000000fee00fff] reserved
[    0.000000] BIOS-e820: [mem 0x00000000fffc0000-0x00000000ffffffff] reserved
[    0.000000] BIOS-e820: [mem 0x0000000100000000-0x000000011fffffff] usable
[    0.000000] NX (Execute Disable) protection: active
[    0.000000] SMBIOS 2.5 present.
[    0.000000] Hypervisor detected: KVM
[    0.000000] e820: last_pfn = 0x120000 max_arch_pfn = 0x400000000
[    0.000000] MTRR: Disabled
[    0.000000] x86/PAT: MTRRs disabled, skipping PAT initialization too.
[    0.000000] CPU MTRRs all blank - virtualized system.
[    0.000000] x86/PAT: Configuration [0-7]: WB  WT  UC- UC  WB  WT  UC- UC  
[    0.000000] e820: last_pfn = 0xdfff0 max_arch_pfn = 0x400000000
[    0.000000] found SMP MP-table at [mem 0x0009fff0-0x0009ffff] mapped at [ffff88000009fff0]
[    0.000000] Scanning 1 areas for low memory corruption
[    0.000000] RAMDISK: [mem 0x362de000-0x37166fff]
[    0.000000] ACPI: Early table checksum verification disabled
[    0.000000] ACPI: RSDP 0x00000000000E0000 000024 (v02 VBOX  )
[    0.000000] ACPI: XSDT 0x00000000DFFF0030 00003C (v01 VBOX   VBOXXSDT 00000001 ASL  000061)
[    0.000000] ACPI: FACP 0x00000000DFFF00F0 0000F4 (v04 VBOX   VBOXFACP 00000001 ASL  00000061)
[    0.000000] ACPI: DSDT 0x00000000DFFF0470 0021FF (v02 VBOX   VBOXBIOS 00000002 INTL 20180105)
[    0.000000] ACPI: FACS 0x00000000DFFF0200 000040
[    0.000000] ACPI: FACS 0x00000000DFFF0200 000040
[    0.000] ACPI: APIC 0x00000000DFFF0240 00005C (v02 VBOX   VBOXAPIC 00000001 ASL  00000061)
[    0.000000] ACPI: SSDT 0x00000000DFFF02A0 0001CC (v01 VBOX   VBOXCPUT 00000002 INTL 20180105)
[    0.000000] No NUMA configuration found
[    0.000000] Faking a node at [mem 0x0000000000000000-0x000000011fffffff]
[    0.000000] NODE_DATA(0) allocated [mem 0x11fff7000-0x11fffbfff]
[    0.000000] kvm-clock: Using msrs 4b564d01 and 4b564d00
[    0.000000] kvm-clock: cpu 0, msr 1:1ffef001, primary cpu clock
[    0.000000] kvm-clock: using sched offset of 3919690800 cycles
[    0.000000] clocksource: kvm-clock: mask: 0xffffffffffffffff max_cycles: 0x1cd42e4dffb, max_idle_ns: 881590591483 ns
[    0.000000] Zone ranges:
[    0.000000]   DMA      [mem 0x0000000000001000-0x0000000000ffffff]
[    0.000000]   DMA32    [mem 0x0000000001000000-0x00000000ffffffff]
[    0.000000]   Normal   [mem 0x0000000100000000-0x000000011fffffff]
[    0.000000]   Device   empty
[    0.000000] Movable zone start for each node
[    0.000000] Early memory node ranges
[    0.000000]   node   0: [mem 0x0000000000001000-0x000000000009eff
    0.000000]   node   0: [mem 0x0000000000100000-0x00000000dffeffff]
[    0.000000]   node   0: [mem 0x000000010000000-0x000000011fffffff]
[    0.000000] Initmem setup node 0 [mem 0x0000000000001000-0x000000011fffffff]
[  0.000000] ACPI: PM-Timer IO Port: 0x400
    0.000000] IOAPIC[0]: apic_id 2, version 32, address 0xfec00000, GSI 0-23
[    0.000000] ACPI: INT_SRC_OVR (bus 0 bus_irq 0 global_irq 2 dfl dfl)
[    0.000000] ACPI: INT_SRC_OVR (bus 0 bus_irq 9 global_irq 9 low level)
[    0.000000] Using ACPI (MADT) for SMP configuration information
[    0.000000] smpboot: Allowing 2 CPUs, 0 hotplug CPUs
[    0.000000] PM: Registered nosave memory: [mem 0x00000000-0x00000fff]
[    0.000000] PM: Registered nosave memory: [mem 0x0009f000-0x0009ffff]
[    0.000000] PM: Registered nosave memory: [mem 0x000a0000-0x000effff]
[    0.000000] PM: Registered nosave memory: [mem 0x000f0000-0x000fffff]
[    0.000000] PM: Registered nosave memory: [mem 0xdfff0000-0xdfffffff]
[    0.000000] PM: Registered nosave memory: [mem 0xe0000000-0xfebfffff]
[    0.000000] PM: Registered nosave memory: [mem 0xfec00000-0xfec00fff]
[    0.000000] PM: Registered nosave memory: [mem 0xfec01000-0xfedfffff]
[    0.000000] PM: Registered nosave memory: [mem 0xfee00000-0xfee00fff]
[    0.000000] PM: Registered nosave memory: [mem 0xfee01000-0xfffbffff]
[    0.000000] PM: Registered nosave memory: [mem 0xfffc0000-0xffffffff]
[    0.000000] e820: [mem 0xe0000000-0xfebfffff] available for PCI devices
[    0.000000] Booting paravirtualized kernel on KVM
[    0.000000] clocksource: refined-jiffies: mask: 0xffffffff max_cycles: 0xffffffff, max_idle_ns: 7645519600211568 ns
[    0.000000] setup_percpu: NR_CPUS:512 nr_cpumask_bits:512 nr_cpu_ids:2 nr_node_ids:1
[    0.000000] PERCPU: Embedded 33 pages/cpu @ffff88011fc00000 s95448 r8192 d31528 u1048576
[    0.000000] Built 1 zonelists in Node order, mobility grouping on.  Total pages: 1032056
[    0.000000] Policy zone: Normal
[    0.000000] Kernel command line: BOOT_IMAGE=/boot/vmlinuz-4.4.0-176-generic root=LABEL=cloudimg-rootfs ro console=tty1 console=ttyS0
[    0.000000] PID hash table entries: 4096 (order: 3, 32768 bytes)
[    0.000000] Memory: 4028180K/4193848K available (8626K kernel code, 1336K rwdata, 4032K rodata, 1488K init, 1292K bss, 165668K reserved, 0K cma-reserved)
[    0.000000] SLUB: HWalign=64, Order=0-3, MinObjects=0, CPUs=2, Nodes=1
[    0.000000] Kernel/User page tables isolation: enabled
[    0.000000] Hierarchical RCU implementation.
[    0.000000] 	Build-time adjustment of leaf fanout to 64.
[    0.000000] 	RCU restricting CPUs from NR_CPUS=512 to nr_cpu_ids=2.
[    0.000000] RCU: Adjusting geometry for rcu_fanout_leaf=64, nr_cpu_ids=2
[    0.000000] NR_IRQS:33024 nr_irqs:440 16
[    0.000000] Console: colour VGA+ 80x25
[    0.000000] console [tty1] enabled
[    0.000000] console [ttyS0] enabled
[    0.000000] tsc: Detected 2494.332 MHz processor
[    1.028258] Calibrating delay loop (ipped) preset value.. 4988.66 BogoMIPS (lpj=9977328)
[    1.072670] pid_max: default: 32768 minimum: 301
[    1.079985] ACPI: Core revision 20150930
[    1.083107] ACPI: 2 ACPI AML tables successfully acquired and loaded
[    1.084782] Security Framework initialized
[    1.087343] Yama: becoming mindful.
[    1.088272] AppArmor: AppArmor initialized
[    1.090098] Dentry cache hash table entries: 524288 (order: 10, 4194304 bytes)
[    1.111398] Inode-cache hash table entries: 262144 (order: 9, 2097152 bytes)
[    1.119008] Mount-cache hash table entries: 8192 (order: 4, 65536 bytes)
[    1.131356] Mountpoint-cache hash table entries: 8192 (order: 4, 65536 bytes)
[    1.134121] Initializing cgroup subsys io
[    1.135430] Initializing cgroup subsys memory
[    1.136645] Initializing cgroup subsys devices
[    1.143185] Initializing cgroup subsys freezer
[    1.144171] Initializing cgroup subsys net_cls
[    1.145130] Initializing cgroup subsys perf_event
[    1.151575] Initializing cgroup subsys net_prio
[    1.158193] Initializing cgroup subsys hugetlb
[    1.164622] Initializing cgroup subsys pids
[    1.166464] mce: CPU supports 0 MCE banks
[    1.167895] Last level iTLB entries: 4KB 512, 2MB 8, 4MB 8
[    1.169590] Last level dTLB entries: 4KB 512, 2MB 32, 4MB 32, 1GB 0
[    1.171579] Spectre V1 : Mitigation: usercopy/swapgs barriers and __user pointer sanitization
[    1.174277] Spectre V2 : Mitigation: Full generic retpoline
[    1.181406] Spectre V2 : Spectre v2 / SpectreRSB mitigation: Filling RSB on context switch
[    1.184106] Speculative Store Bypass: Vulnerable
[    1.185700] MDS: Mitigation: Clear CPU buffers
[    1.191556] Freeing SMP alternatives memory: 36K
[    1.199672] ftrace: allocating 32305 entries in 127 pages
[    1.272432] smpboot: APIC(0) Converting physical 0 to logical package 0
[    1.285011] smpboot: Max logical packages: 1
[    1.286893] x2apic enabled
[    1.288355] Switched APIC routing to physical x2apic.
[    1.296983] ..TIMER: vector=0x30 apic1=0 pin1=2 apic2=-1 pin2=-1
[    1.406971] smpboot: CPU0: Intel(R) Core(TM) i7-3537U CPU @ 2.00GHz (family: 0x6, model: 0x3a, stepping: 0x9)
[    1.422063] Performance Events: unsupported p6 CPU model 58 no PMU driver, software events only.
[    1.440961] KVM setup paravirtual spinlock
[    1.444388] x86: Booting SMP configuration:
[    1.445811] .... node  #0, CPUs:      #1
[    1.456259] kvm-clock: cpu 1, msr 1:1ffef041, secondary cpu clock
[    1.476821] mce: CPU supports 0 MCE banks
[    1.493920] x86: Booted up 1 node, 2 CPUs
[    1.495713] smpboot: Total of 2 processors activated (9977.32 BogoMIPS)
[    1.503159] devtmpfs: initialized
[    1.506142] evm: security.selinux
[    1.507229] evm: security.SMACK64
[    1.510613] evm: security.SMACK64EXEC
[    1.515059] evm: security.SMACK64TRANSMUTE
[    1.515962] evm: security.SMACK64MMAP
[    1.516787] evm: security.ima
[    1.517529] evm: security.capability
[    1.518632] clocksource: jiffies: mask: 0xffffffff max_cycles: 0xffffffff, max_idle_ns: 7645041785100000 ns
[    1.531378] futex hash table entries: 512 (order: 3, 32768 bytes)
[    1.532801] pinctrl core: initialized pinctrl subsystem
[    1.533999] RTC time:  2:36:26, date: 04/07/20
[    1.535273] NET: Registered protocol family 16
[    1.548252] cpuidle: using governor ladder
[    1.575890] cpuidle: using governor menu
[    1.576847] PCCT header not found.
[    1.578153] ACPI: bus type PCI registered
[    1.584637] acpiphp: ACPI Hot Plug PCI Controller Driver version: 0.5
[    1.586397] PCI: Using configuration type 1 for base access
[    1.601562] ACPI: Added _OSI(Module Device)
[    1.602805] ACPI: Added _OSI(Processor Device)
[    1.604040] ACPI: Added _OSI(3.0 _SCP Extensions)
[    1.613061] ACPI: Added _OSI(Processor Aggregator Device)
[    1.615839] ACPI: Executed 1 blocks of module-level executable AML code
[    1.621484] ACPI: Interpreter enabled
[    1.622792] ACPI: (supports S0 S5)
[    1.624029] ACPI: Using IOAPIC for interrupt routing
[    1.637629] PCI: Using host bridge windows from ACPI; if necessary, use "pci=nocrs" and report a bug
[    1.649932] ACPI: PCI Root Bridge [PCI0] (domain 0000 [bus 00-ff])
[    1.651815] acpi PNP0A03:00: _OSC: OS supports [ASPM ClockPM Segments MSI]
[    1.653839] acpi PNP0A03:00: _OSC: not requesting OS control; OS requires [ExtendedConfig ASPM ClockPM MSI]
[    1.662818] acpi PNP0A03:00: fail to add MMCONFIG information, can't access extended PCI configuration space under this bridge.
[    1.682612] PCI host bridge to bus 0000:00
[    1.694926] pci_bus 0000:00: root bus resource [io  0x0000-0x0cf7 window]
[    1.707280] pci_bus 0000:00: root bus resource [io  0x0d00-0xffff window]
[    1.714351] pci_bus 0000:00: root bus resource [mem 0x000a0000-0x000bffff window]
[    1.721545] pci_bus 0000:00: root bus resource [mem 0xe0000000-0xfdffffff window]
[    1.723197] pci_bus 0000:00: root bus resource [bus 00-ff]
[    1.726433] pci 0000:00:01.1: legacy IDE quirk: reg 0x10: [io  0x01f0-0x01f7]
[    1.734304] pci 0000:00:01.1: legacy IDE quirk: reg 0x14: [io  0x03f6]
[    1.750278] pci 0000:00:01.1: legacy IDE quirk: reg 0x18: [io  0x0170-0x0177]
[    1.752368] pci 0000:00:01.1: legacy IDE quirk: reg 0x1c: [io  0x0376]
[    1.816206] pci 0000:00:07.0: quirk: [io  0x4000-0x403f] claimed by PIIX4 ACPI
[    1.832615] pci 0000:00:07.0: quirk: [io  0x4100-0x410f] claimed by PIIX4 SMB
[    1.865334] ACPI: PCI Interrupt Link [LNKA] (IRQs 5 9 10 *11)
[    1.875463] ACPI: PCI Interrupt Link [LNKB] (IRQs 5 9 *10 11)
[    1.881621] ACPI: PCI Interrupt Link [LNKC] (IRQs 5 *9 10 11)
[    1.901841] ACPI: PCI Interrupt Link [LNKD] (IRQs 5 9 10 *11)
[    1.915209] ACPI: Enabled 2 GPEs in block 00 to 07
[    1.919647] vgaarb: setting as boot device: PCI:0000:00:02.0
[    1.922073] vgaarb: device added: PCI:0000:00:02.0,decodes=io+mem,owns=io+mem,locks=none
[    1.960449] vgaarb: loaded
[    1.961501] vgaarb: bridge control possible 0000:00:02.0
[    1.963630] SCSI subsystem initialized
[    1.965121] ACPI: bus type USB registered
[    1.971770] usbcore: registered new interface driver usbfs
[    1.973454] usbcore: registered new interface driver hub
[    1.985484] usbcore: registered new device driver usb
[    1.987163] PCI: Using ACPI for IRQ routing
[    1.988658] NetLabel: Initializing
[    2.001783] NetLabel:  domain hash size = 128
[    2.002758] NetLabel:  protocols = UNLABELED CIPSOv4
[    2.005031] NetLabel:  unlabeled traffic allowed by default
[    2.007816] amd_nb: Cannot enumerate AMD northbridges
[    2.015575] clocksource: Switched to clocksource kvm-clock
[    2.032078] AppArmor: AppArmor Filesystem Enabled
[    2.033478] pnp: PnP ACPI init
[    2.035287] pnp: PnP ACPI: found 3 devices
[    2.048227] clocksource: acpi_pm: mask: 0xfffff max_cycles: 0xffffff, max_idle_ns 2085701024 ns
[    2.124379] NET: Registered protocol family 2

[    2.126859] TCP established hash table entries: 32768 (order: 6, 262144 bytes)
[    2.129279] TCP bind hash table entries: 32768 (order: 7, 524288 bytes)
[   2.136878] TCP: Hash tables configured (established 32768 bind 32768)
[    2.163230] UDP hash table entries: 2048 (order: 4, 65536 bytes)
[    2.164446] UDP-Lite hash table entries: 2048 (order: 4, 65536 bytes)
[    2.165763] NET: Registered protocol family 
  2.1364] pci 0000:00:00.0: Limiting direct PCI/PCI transfers
[    2.333604] pci 0000:00:01.0: Activating ISA DMA hang workarounds
[    2.335012] Unpacking initramfs...

[    2.563218] Freeing initrd memory: 14884K
[    2.564885] PCI-DMA: Using software bounce buffering for IO (SWIOTLB)
[    2.566850] software IO TLB: mapped [mem 0xdbff0000-0xdfff0000] (64MB)
[    2.586101] RAPL PMU detected, API unit is 2^-32 Joules, 3 fixed counters 10737418240 ms ovfl timer
[    2.588024] hw unit of domain pp0-core 2^-0 Joules
[    2.589096] hw unit of domain package 2^-0 Joules
[    2.590164] hw unit of domain pp1-gpu 2^-0 Joules
[    2.591851] clocksource: tsc: mask: 0xffffffffffffffff max_cycles: 0x23f44f92df3, max_idle_ns: 440795329494 ns
[    2.593915] platform rtc_cmos: registered platform RTC device (no PNP device found)
[    2.595686] Scanning for low memory corruption every 60 seconds
[    2.606460] audit: initializing netlink subsys (disabled)
[    2.653792] audit: type=2000 audit(1586226991.680:1): initialized
[    2.655781] Initialise system trusted keyring
[    2.657628] HugeTLB registered 2 MB page size, pre-allocated 0 pages
[    2.687382] zbud: loaded
[    2.688755] VFS: Disk quotas dquot_6.6.0
[    2.695902] VFS: Dquot-cache hash table entries: 512 (order 0, 4096 bytes)
[    2.707023] squashfs: version 4.0 (2009/01/31) Phillip Lougher
[    2.746623] fuse init (API version 7.23)
[    2.747687] Key type big_key registered
[    2.789536] Allocating IMA MOK and blacklist keyrings.
[    2.807802] Key type asymmetric registered
[    2.855543] Asymmetric key parser 'x509' registered
[    2.857024] Block layer SCSI generic (bsg) driver version 0.4 loaded (major 249)
[    2.877186] io scheduler noop registered
[    2.878531] io scheduler deadline registered (default)
[    2.892944] io scheduler cfq registered
[    2.909206] pci_hotplug: PCI Hot Plug PCI Core version: 0.5
[    2.917411] pciehp: PCI Express Hot Plug Controller Driver version: 0.4
[    2.919741] ACPI: AC Adapter [AC] (on-line)
[    2.920831] input: Power Button as /devices/LNXSYSTM:00/LNXPWRBN:00/input/input0
[    2.922431] ACPI: Power Button [PWRF]
[    2.923376] input: Sleep Button as /devices/LNXSYSTM:00/LNXSLPBN:00/input/input1
[    2.948489] ACPI: Sleep Button [SLPF]
[    2.950384] ACPI: Battery Slot [BAT0] (battery present)
[    2.951615] GHES: HEST is not enabled!
[    2.952630] Serial: 8250/16550 driver, 32 ports, IRQ sharing enabled
[    2.976428] 00:02: ttyS0 at I/O 0x3f8 (irq = 4, base_baud = 115200) is a 16550A
[    2.995589] Linux agpgart interface v0.103
[    3.017336] loop: module loaded
[    3.044341] scsi host0: ata_piix
[    3.045479] scsi host1: ata_piix
[    3.056622] ata1: PATA max UDMA/33 cmd 0x1f0 ctl 0x3f6 bmdma 0xd000 irq 14
[    3.075673] ata2: PATA max UDMA/33 cmd 0x170 ctl 0x376 bmdma 0xd008 irq 15
[    3.077556] libphy: Fixed MDIO Bus: probed
[    3.079118] tun: Universal TUN/TAP device driver, 1.6
[    3.090329] tun: (C) 1999-2004 Max Krasnyansky <maxk@qualcomm.com>
[    3.136046] PPP generic driver version 2.4.2
[    3.137063] ehci_hcd: USB 2.0 'Enhanced' Host Controller (EHCI) Driver
[    3.186486] ehci-pci: EHCI PCI platform driver
[    3.225881] ehci-platform: EHCI generic platform driver
[    3.266737] ohci_hcd: USB 1.1 'Open' Host Controller (OHCI) Driver
[    3.268651] ohci-pci: OHCI PCI platform driver
[    3.275184] ohci-platform: OHCI generic platform driver
[    3.286302] uhci_hcd: USB Universal Host Controller Interface driver
[    3.288377] i8042: PNP: PS/2 Controller [PNP0303:PS2K,PNP0f03:PS2M] at 0x60,0x64 irq 1,12
[    3.304810] serio: i8042 KBD port at 0x60,0x64 irq 1
[    3.305905] serio: i8042 AUX port at 0x60,0x64 irq 12
[    3.307127] mousedev: PS/2 mouse device common for all mice
[    3.327141] input: AT Translated Set 2 keyboard as /devices/platform/i8042/serio0/input/input2
[    3.366654] rtc_cmos rtc_cmos: rtc core: registered rtc_cmos as rtc0
[    3.368706] rtc_cmos rtc_cmos: alarms up to one day, 114 bytes nvram
[    3.386053] i2c /dev entries driver
[    3.406993] device-mapper: uevent: version 1.0.3
[    3.415770] device-mapper: ioctl: 4.34.0-ioctl (2015-10-28) initialised: dm-devel@redhat.com
[    3.422914] ledtrig-cpu: registered to indicate activity on CPUs
[    3.424880] NET: Registered protocol family 10
[    3.431496] NET: Registered protocol family 17
[    3.432513] Key type dns_resolver registered
[    3.433996] registered taskstats version 1
[    3.434977] Loading compiled-in X.509 certificates
[    3.436753] Loaded X.509 cert 'Build time autogenerated kernel key: c2b7431ed9258328a3a0cf301f850647788d8e61'
[    3.438777] zswap: loaded using pool lzo/zbud
[    3.455746] Key type trusted registered
[    3.461670] Key type encrypted registered
[    3.462682] AppArmor: AppArmor sha1 policy hashing enabled
[    3.465072] ima: No TPM chip found, activating TPM-bypass!
[    3.466182] ima: Allocated hash algorithm: sha1
[    3.467736] evm: HMAC attrs: 0x1
[    3.475117]   Magic number: 0:303:611
[    3.482024] rtc_cmos rtc_cmos: setting system clock to 2020-04-07 02:36:28 UTC (1586226988)
[    3.495532] BIOS EDD facility v0.16 2004-Jun-25, 0 devices found
[    3.502698] EDD information not available.
[    3.506340] Freeing unused kernel memory: 1488K
[    3.523834] Write protecting the kernel read-only data: 14336k
[    3.536367] Freeing unused kernel memory: 1604K
[    3.537841] Freeing unused kernel memory: 64K
Loading, please wait...
starting version 229
[    3.559811] random: systemd-udevd: uninitialized urandom read (16 bytes read, 2 bits of entropy available)
[    3.560740] random: udevadm: uninitialized urandom read (16 bytes read, 2 bits of entropy available)
[    3.560773] random: udevadm: uninitialized urandom read (16 bytes read, 2 bits of entropy available)
[    3.576898] random: udevadm: uninitialized urandom read (16 bytes read, 2 bits of entropy available)
[    3.576969] random: udevadm: uninitialized urandom read (16 bytes read, 2 bits of entropy available)
[    3.577204] random: udevadm: uninitialized urandom read (16 bytes read, 2 bits of entropy available)
[    3.577294] random: udevadm: uninitialized urandom read (16 bytes read, 2 bits of entropy available)
[    3.577383] random: udevadm: uninitialized urandom read (16 bytes read, 2 bits of entropy available)
[    3.577477] random: udevadm: uninitialized urandom read (16 bytes read, 2 bits of entropy available)
[    3.577564] random: udevadm: uninitialized urandom read (16 bytes read, 2 bits of entropy available)
[    3.695449] e1000: Intel(R) PRO/1000 Network Driver - version 7.3.21-k8-NAPI
[    3.705288] e1000: Copyright (c) 1999-2006 Intel Corporation.
[    3.710883] Fusion MPT base driver 3.04.20
[    3.723845] Copyright (c) 1999-2008 LSI Corporation
[    3.849347] AVX version of gcm_enc/dec engaged.
[    3.851680] AES CTR mode by8 optimization enabled
[    3.867886] Fusion MPT SPI Host driver 3.04.20
[    4.030272] input: ImExPS/2 Generic Explorer Mouse as /devices/platform/i8042/serio1/input/input4
[    4.202201] e1000 0000:00:03.0 eth0: (PCI:33MHz:32-bit) 02:85:ff:9d:c0:81
[    4.206452] e1000 0000:00:03.0 eth0: Intel(R) PRO/1000 Network Connection
[    4.246751] mptbase: ioc0: Initiating bringup
[    4.247693] e1000 0000:00:03.0 enp0s3: renamed from eth0
[    4.320919] ioc0: LSI53C1030 A0: Capabilities={Initiator}
[    4.489226] scsi host2: ioc0: LSI53C1030 A0, FwRev=00000000h, Ports=1, MaxQ=256, IRQ=20
[    4.677989] scsi 2:0:0:0: Direct-Access     VBOX     HARDDISK         1.0  PQ: 0 ANSI: 5
[    4.686445] scsi target2:0:0: Beginning Domain Validation
[    4.688541] scsi target2:0:0: Domain Validation skipping write tests
[    4.689950] scsi target2:0:0: Ending Domain Validation
[    4.696603] scsi target2:0:0: asynchronous
[    4.698001] scsi 2:0:1:0: Direct-Access     VBOX     HARDDISK         1.0  PQ: 0 ANSI: 5
[    4.704463] scsi target2:0:1: Beginning Domain Validation
[    4.715920] scsi target2:0:1: Domain Validation skipping write tests
[    4.856853] scsi target2:0:1: Ending Domain Validation
[    4.954489] scsi target2:0:1: asynchronous
[    5.094041] sd 2:0:0:0: Attached scsi generic sg0 type 0
[    5.100678] sd 2:0:0:0: [sda] 20971520 512-byte logical blocks: (10.7 GB/10.0 GiB)
[    5.102505] sd 2:0:0:0: [sda] Write Protect is off
[    5.103683] sd 2:0:0:0: [sda] Incomplete mode parameter data
[    5.104837] sd 2:0:0:0: [sda] Assuming drive cache: write through
[    5.115227] sd 2:0:1:0: Attached scsi generic sg1 type 0
[    5.117023] sd 2:0:1:0: [sdb] 20480 512-byte logical blocks: (10.5 MB/10.0 MiB)
[    5.119991] sd 2:0:1:0: [sdb] Write Protect is off
[    5.121762] sd 2:0:1:0: [sdb] Incomplete mode parameter data
[    5.123358] sd 2:0:1:0: [sdb] Assuming drive cache: write through
[    5.142250]  sda: sda1
[    5.144998] sd 2:0:0:0: [sda] Attached SCSI disk
[    5.166729] sd 2:0:1:0: [sdb] Attached SCSI disk
Begin: Loading essential drivers ... [    6.686564] md: linear personality registered for level -1
[    6.703277] md: multipath personality registered for level -4
[    6.707778] md: raid0 personality registered for level 0
[    6.718304] md: raid1 personality registered for level 1
[    6.822824] raid6: sse2x1   gen()  8157 MB/s
[    6.914958] raid6: sse2x1   xor()  6430 MB/s
[    7.014936] raid6: sse2x2   gen() 10126 MB/s
[    7.083838] raid6: sse2x2   xor()  6720 MB/s
[    7.172352] raid6: sse2x4   gen() 11594 MB/s
[    7.264943] raid6: sse2x4   xor()  7093 MB/s
[    7.266206] raid6: using algorithm sse2x4 gen() 11594 MB/s
[    7.267662] raid6: .... xor() 7093 MB/s, rmw enabled
[    7.295708] raid6: using ssse3x2 recovery algorithm
[    7.306405] xor: automatically using best checksumming function:
[    7.355594]    avx       : 19306.000 MB/sec
[    7.368606] async_tx: api initialized (async)
[    7.408971] md: raid6 personality registered for level 6
[    7.430959] md: raid5 personality registered for level 5
[    7.432436] md: raid4 personality registered for level 4
[    7.441934] md: raid10 personality registered for level 10
done.
Begin: Running /scripts/init-premount ... done.
Begin: Mounting root file system ... Begin: Running /scripts/local-top ... done.
Begin: Running /scripts/local-premount ... [    7.482508] Btrfs loaded
Scanning for Btrfs filesystems
done.
Warning: fsck not present, so sk[    7.585771] EXT4-fs (sda1): mounted filesystem with ordered data mode. Opts: (null)
ipping root file system
done.
Begin: Running /scripts/local-bottom ... done.
Begin: Running /scripts/init-bottom ... done.
[    8.525377] systemd[1]: systemd 229 running in system mode. (+PAM +AUDIT +SELINUX +IMA +APPARMOR +SMACK +SYSVINIT +UTMP +LIBCRYPTSETUP +GCRYPT +GNUTLS +ACL +XZ -LZ4 +SECCOMP +BLKID +ELFUTILS +KMOD -IDN)
[    8.643061] systemd[1]: Detected virtualization oracle.
[    8.655839] systemd[1]: Detected architecture x86-64.

Welcome to [1mUbuntu 16.04.6 LTS[0m!

[    8.707208] systemd[1]: Set hostname to <ubuntu>.
[    8.769749] systemd[1]: Initializing machine ID from random generator.
[    8.773755] systemd[1]: Installed transient /etc/machine-id file.
[    8.924364] random: nonblocking pool is initialized
[    9.849218] systemd[1]: Listening on Syslog Socket.
[[0;32m  OK  [0m] Listening on Syslog Socket.
[    9.854950] systemd[1]: Reached target sean GupName Lokups.
[[0;32m  OK  [0m] Reached target User and Group Name Lookups.
[   10.055110] systemd[1]: Started Forward Password Requests to Wall Directory Watch.
[[0;32m  OK  [0m] Started Forward Password Requests to Wall Directory Watch.
[   10099716] systemd[1]: Listening on Journal Socket.
[[0;32m  OK  [0m] Listening on Journal Socket.
[   10.225852] systemd[1]: Started Trigger resolvconf update for networkd DNS.
[[0;32m  OK  [0m] Started Trigger resolvconf update for networkd DNS.
[   10.249101] systemd[1]: Listening on LVM2 poll daemon socket.
[[0;32m  OK  [0m] Listening on LVM2 poll daemon socket.
[   10.252497] systemd[1]: Reached target System Time Synchronized.
[[0;32m  OK  [0m] Reached target System Time Synchronized.
[   10.256597] systemd[1]: Listening on udev Control Socket.
[[0;32m  OK  [0m] Listening on udev Control Socket.
[   10.260507] systemd[1]: Listening on udev Kernel Socket.
[[0;32m  OK  [0m] Listening on udev Kernel Socket.
[   10.605614] systemd[1]: Reached target Encrypted Volumes.
[[0;32m  OK  [0m] Reached target Encrypted Volumes.
[   11.072729] systemd[1]: Listening on Device-mapper event daemon FIFOs.
[[0;32m  OK  [0m] Listening on Device-mapper event daemon FIFOs.
[   11.089886] systemd[1]: Listening on Journal Socket (/dev/log).
[[0;32m  OK  [0m] Listening on Journal Socket (/dev/log).
[   11.094283] systemd[1]: Listening on Journal Audit Socket.
[[0;32m  OK  [0m] Listening on Journal Audit Socket.
[   11.107352] systemd[1]: Reached target Swap.
[[0;32m  OK  [0m] Reached target Swap.
[   11.135863] systemd[1]: Created slice User and Session Slice.
[[0;32m  OK  [0m] Created slice User and Session Slice.
[   11.138927] systemd[1]: Listening on LVM2 metadata daemon socket.
[[0;32m  OK  [0m] Listening on LVM2 metadata daemon socket.
[   11.166665] systemd[1]: Created sliceSystem Slice.

[[0;32m  OK  [0m] Created slice System Slice.
[   11.216152] systemd[1]: Starting Journal Service...
         Starting Journal Service...
[   11.256572] systemd[1]: Starting Remount Root and Kernel File Systems...
         Starting Remount Root and Kernel File Systems...
[   11.278535] systemd[1]: Mounting POSIX Message Queue File System...
         Mounting POSIX Message Queue File System...
[   11.288749] systemd[1]: Starting Nameserver information manager...
         Starting Nameser[   11.301072] EXT4-fs (sda1): re-mounted. Opts: (null)
ver information manager...
[   11.308457] systemd[1]: Starting Create list of required static device nodes for the current kernel...
         Starting Create list of required st... nodes for the current kernel...
[   11.376290] systemd[1]: Starting Load Kernel Modules...
         Starting Load Kernel Modules...
[   11.397152] systemd[1]: Reached target Slices.
[[0;32m  OK  [0m] Reached target Slices.
[   11.401929] systemd[1]: Starting Set console keymap...
         Starting Set console keymap...
[   11.409487] systemd[1]: Mounting Huge Pages File System...
         Mounting Huge Pages File System...
[   11.417928] systemd[1]: Created slice system-serial\x2dgetty.slice.
[[0;32m  OK  [0m] Created slice system-serial\x2dgetty.slice.
[   11.422818] systemd[1]: Listening on /dev/initctl Compatibility Named Pipe.
[[0;32m  OK  [0m] Listening on /dev/initctl Compatibility Named Pipe.
[   11.464022] systemd[1]: Starting Monitoring of LVM2 mirrors, snapshots etc. using dmeventd or progress polling...
         Starting Monitoring of LVM2 mirrors... dmeventd or progress polling...
[   11.484156] systemd[1]: Set up automount Arbitrary Executable File Formats File System Automount Point.
[[0;32m  OK  [0m] Set up automount Arbitrary Executab...ats File System Automount Point.
[   11.494714] Loading iSCSI transport class v2.0-870.
[   11.547826] systemd[1]: Mounting Debug File System...
         [   11.557718] iscsi: registered transport (tcp)
Mounting Debug File System...
[   11.607883] systemd[1]: Starting Uncomplicated firewall...
         Starting Uncomplicated firewall...
[   11.623511] systemd[1]: Mounted Huge Pages File System.
[[0;32m  OK  [0m] Mounted Huge Pages File System.
[   11.643887] systemd[1]: Mounted Debug File System.
[[0;32m  OK  [0m] Mounted Debug File System.
[   11.647696] systemd[1]: Mounted POSIX Message Queue File System.
[[0;32m  OK  [0m] Mounted POSIX Message Queue File System.
[   11.654526] systemd[1]: Started Journal Service.
[[0;32m  OK  [0m] Started Journal Service.
[[0;32m  OK  [0m] Started Remount Root and Kernel File Systems.
[[0;32m  OK  [0m] Started Create list of required sta...ce nodes for the current kernel.
[[0;32m  OK  [0m] Started Set console keymap.
[[0;32m  OK  [[   11.716775] iscsi: registered transport (iser)
0m] Started Uncomplicated firewall.
[[0;32m  OK  [0m] Started Load Kernel Modules.
[[0;32m  OK  [0m] Started Nameserver information manager.
[[0;32m  OK  [0m] Started LVM2 metadata daemon.
         Starting Apply Kernel Variables...
         Mounting FUSE Control File System...
         Starting Create Static Device Nodes in /dev...
         Starting udev Coldplug all Devices...
         Starting Load/Save Random Seed...
         Starting Flush Journal to Persistent Storage...
[[0;32m  OK  [0m] Mounted FUSE Control File System.
[[0;32m  OK  [0m] Started Apply Kernel Variables.
[[0;32m  OK  [0m] Started Load/Save Random Seed.
[[0;32m  OK  [0m] Started Flush Journal to Persistent Storage.
[[0;32m  OK  [0m] Started udev Coldplug all Devices.
[[0;32m  OK  [0m] Started Create Static Device Nodes in /dev.
         Starting udev Kernel Device Manager...
[[0;32m  OK  [0m] Started udev Kernel Device Manager.
[[0;32m  OK  [0m] Started Monitoring of LVM2 mirrors,...ng dmeventd or progress polling.
[[0;32m  OK  [0m] Reached target Local File Systems (Pre).
[[0;32m  OK  [0m] Reached target Local File Systems.
         Starting Set console font and keymap...
         Starting Commit a transient machine-id on disk...
         Starting Create Volatile Files and Directories...
         Starting Initial cloud-init job (pre-networking)...
         Starting Tell Plymouth To Write Out Runtime Data...
         Starting LSB: AppArmor initialization...
[[0;32m  OK  [0m] Started Dispatch Password Requests to Console Directory Watch.
[[0;32m  OK  [0m] Started Tell Plymouth To Write Out Runtime Data.
[[0;32m  OK  [0m] Started Commit a transient machine-id on disk.
[[0;32m  OK  [0m] Started Create Volatile Files and Directories.
         Starting Update UTMP about System Boot/Shutdown...
[[0;32m  OK  [0m] Found device /dev/ttyS0.
[[0;32m  OK  [0m] Started Update UTMP about System Boot/Shutdown.
[[0;32m  OK  [0m] Listening on Load/Save RF Kill Switch Status /dev/rfkill Watch.
[[0;32m  OK  [0m] Started LSB: AppArmor initialization.
[[0;32m  OK  [0m] Started Set console font and keymap.
[[0;32m  OK  [0m] Created slice system-getty.slice.
[   16.690207] cloud-init[486]: Cloud-init v. 19.4-33-gbb4131a2-0ubuntu1~16.04.1 running 'init-local' at Tue, 07 Apr 2020 02:36:42 +0000. Up 16.12 seconds.
[[0;32m  OK  [0m] Started Initial cloud-init job (pre-networking).
[[0;32m  OK  [0m] Reached target Network (Pre).
         Starting Raise network interfaces...
[[0;32m  OK  [0m] Started Raise network interfaces.
         Starting Initial cloud-init job (metadata service crawler)...
[[0;32m  OK  [0m] Reached target Network.
[   19.600751] cloud-init[956]: Cloud-init v. 19.4-33-gbb4131a2-0ubuntu1~16.04.1 running 'init' at Tue, 07 Apr 2020 02:36:44 +0000. Up 17.60 seconds.
[   19.704626] cloud-init[956]: ci-info: ++++++++++++++++++++++++++++++++++++++Net device info++++++++++++++++++++++++++++++++++++++
[   19.704916] cloud-init[956]: ci-info: +--------+------+----------------------------+---------------+--------+-------------------+
[[0;32m  OK  [0m] Started Initial cloud-init job (metadata service crawler).
[[   19.705124] cloud-init[956]: ci-info: | Device |  Up  |          Address           |      Mask     | Scope  |     Hw-Address    |
[   19.881711] cloud-init[956]: ci-info: +--------+------+----------------------------+---------------+--------+-------------------+
[0;32m  OK  [0m] Reached target Network is Online.
[   19.881951] cloud-init[956]: ci-info: | enp0s3 | True |         10.0.2.15          | 255.255.255.0 | global | 02:85:ff:9d:c0:81 |
[   19.960493] cloud-init[956]: ci-info: | enp0s3 | True | fe80::85:ffff:fe9d:c081/64 |       .       |  link  | 02:85:ff:9d:c0:81 |
         Starting iSCSI initiator daemon (iscsid)...
[[0;32m  OK  [0m] Reached target System Initialization.
[   19.973641] [[0;32m  OK  [0m] Listening on ACPID Listen Socket.
[[0;32m  OK  [0m] Listening on D-Bus System Message Bus Socket.
         Starting Socket activation for snappy daemon.
cloud-init[956]: ci-info: |   lo   | True |         127.0.0.1          |   255.0.0.0   |  host  |         .         |
[   20.016474] cloud-init[956]: ci-info: |   lo   | True |          ::1/128           |       .       |  host  |         .         |
[[0;32m  OK  [0m] Started ACPI Events Check.
[[0;32m  OK  [0m] Reached target Paths.
[   20.025960] cloud-init[956]: ci-info: +--------+------+----------------------------+---------------+--------+-------------------+
[[0;32m  OK  [0m] Started Daily Cleanup of Temporary Directories.
[[0;32m  OK  [0m] Started Message of the Day.
[   20.045792] cloud-init[956]: ci-info: +++++++++++++++++++++++++++Route IPv4 info++++++++++++++++++++++++++++
[   20.123302] cloud-init[956]: ci-info: +-------+-------------+----------+---------------+-----------+-------+
[   20.166451] cloud-init[956]: ci-info: | Route | Destination | Gateway  |    Genmask    | Interface | Flags |
[   20.223028] cloud-init[956]: ci-info: +-------+-------------+----------+---------------+-----------+-------+
         Starting LXD - unix socket.
[   20.228692] cloud-init[956]: ci-info: |   0   |   0.0.0.0   | 10.0.2.2 |    0.0.0.0    |   enp0s3  |   UG  |
[   20.244353] cloud-init[956]: ci-info: |   1   |   10.0.2.0  | 0.0.0.0  | 255.255.255.0 |   enp0s3  |   U   |
[   20.244465] cloud-init[956]: ci-info: +-------+-------------+----------+---------------+-----------+-------+
[   20.244529] cloud-init[956]: ci-info: +++++++++++++++++++Route IPv6 info+++++++++++++++++++
[   20.244619] cloud-init[956]: ci-info: +-------+-------------+---------+-----------+-------+
[   20.244748] cloud-init[956]: ci-info: | Route | Destination | Gateway | Interface | Flags |
[   20.244976] cloud-init[956]: ci-info: +-------+-------------+---------+-----------+-------+
[   20.245036] cloud-init[956]: ci-info: |   0   |  fe80::/64  |    ::   |   enp0s3  |   U   |
[   20.245131] cloud-init[956]: ci-info: |   3   |   ff00::/8  |    ::   |   enp0s3  |   U   |
[   20.245257] cloud-init[956]: ci-info: +-------+-------------+---------+-----------+-------+
[   20.245727] cloud-init[956]: Generating public/private rsa key pair.
[   20.245811] cloud-init[956]: Your identification has been saved in /etc/ssh/ssh_host_rsa_key.
[   20.245874] cloud-init[956]: Your public key has been saved in /etc/ssh/ssh_host_rsa_key.pub.
[   20.245944] cloud-init[956]: The key fingerprint is:
[   20.246042] cloud-init[956]: SHA256:fNgLumQ7dUeM8p6Ye8VC4iahWI+muU/aOM69vnMsmwM root@ubuntu-xenial
[   20.246139] cloud-init[956]: The key's randomart image is:
[   20.246231] cloud-init[956]: +---[RSA 2048]----+
[   20.246330] cloud-init[956]: |                 |
[   20.246401] cloud-init[956]: |                 |
[   20.246503] cloud-init[956]: |           o     |
[   20.246599] cloud-init[956]: |    . ..ooo o    |
[   20.246686] cloud-init[956]: |   o + oS=oo     |
[   20.246777] cloud-init[956]: |  E + o.+o+.+    |
[   20.246871] cloud-init[956]: |   =..++ =.=     |
[   20.247001] cloud-init[956]: | .+*+++oo +      |
[   20.247104] cloud-init[956]: | .*=XOo..o       |
[   20.247199] cloud-init[956]: +----[SHA256]-----+
[   20.247297] cloud-init[956]: Generating public/private dsa key pair.
[   20.247375] cloud-init[956]: Your identification has been saved in /etc/ssh/ssh_host_dsa_key.
[   20.247463] cloud-init[956]: Your public key has been saved in /etc/ssh/ssh_host_dsa_key.pub.
[   20.247546] cloud-init[956]: The key fingerprint is:
[   20.247616] cloud-init[956]: SHA256:Vl+5Gdtb8SPtkGEal+SQE7NPZqKmM4L44h9bCnUvzn0 root@ubuntu-xenial
[   20.247701] cloud-init[956]: The key's randomart image is:
[   20.247778] cloud-init[956]: +---[DSA 1024]----+
[   20.247864] cloud-init[956]: |           +o.   |
[   20.247934] cloud-init[956]: |           o* .. |
[   20.248019] cloud-init[956]: |          .+.X+. |
[[0;32m  OK  [0m] Started Daily apt download activities.
[[0;32m  OK  [0m] Started Daily apt upgrade and clean activities.
[[0;32m  OK  [0m] Reached target Timers.
[[0;32m  OK  [0m] Listening on UUID daemon activation socket.
[   20.248210] cloud-init[956]: |         ...@.+*o|
[   20.756404] cloud-init[956]: |   . .  So ..=+o+|
[[0;32m  OK  [0m] Reached target Cloud-config availability.
[   20.775926] cloud-init[956]: |  o o ..o     + +|
[[0;32m  OK  [0m] Listening on Socket activation for snappy daemon.
[[0;32m  OK  [0m] Listening on LXD - unix socket.
[[0;32m  OK  [0m] Started iSCSI initiator daemon (iscsid).
[   20.900031] cloud-init[956]: | o o + =       o |
[   21.032513] cloud-init[956]: | .o B + oE       |
[   21.051132] cloud-init[956]: |..o= o ..        |
         Starting Login to default iSCSI targets...
[[0;32m  OK  [0m] Reached target Sockets.
[[0;32m  OK  [0m] Reached target Basic System.
[   21.086008] cloud-init[956]: +----[SHA256]-----+
[   21.157515] cloud-init[956]: Generating public/private ecdsa key pair.
[   21.159467] cloud-init[956]: Your identification has been saved in /etc/ssh/ssh_host_ecdsa_key.
         Starting Login Service...
[   21.164562] cloud-init[956]: Your public key has been saved in /etc/ssh/ssh_host_ecdsa_key.pub.
[   21.181689] cloud-init[956]: The key fingerprint is:
[   21.185523] cloud-init[956]: SHA256:7pV8ncpTrmHV4W+YRLkhJnMGN7bA/vagljACG4LmJ68 root@ubuntu-xenial
[   21.190712] cloud-init         Starting LSB: MD monitoring daemon...
         Starting Accounts Service...
[956]: The key's randomart image is:
[   21.198179] cloud-init[956]: +---[ECDSA 256]---+
[   21.220482] [cloud-init[0;32m  OK  [0m[956]: ] |         .o +    |Started ACPI event daemon.

[[0;32m  OK  [0m] Started Regular background program processing daemon.
[   21.253423] cloud-init[956]: |          .= o . |
[   21.319885]          cloud-initStarting LXD - container startup/shutdown...[956]: 
| .       .o * +. |
[   21.344694] [[0;32m  OK  [0m] Started D-Bus System Message Bus.
cloud-init[956]: |... o     .* o.+.|
[   21.368539] cloud-init[956]: |o  . +  S  .  +..|
[   21.407156] cloud-init[956]: | o .. ..o. .++.+.|
[   21.427401] cloud-init[956]: |  +    ..o+++== o|
[   21.429564] cloud-init[956]: |   .   . .++.oo. |
[   21.435762] cloud-init[956]: | E.     ..  +o   |
[   21.439126] cloud-init[956]: +----[SHA256]-----+
[   21.448548] cloud-init[956]: Generating public/private ed25519 key pair.
[   21.451095] cloud-init[956]: Your identification has been saved in /etc/ssh/ssh_host_ed25519_key.
[   21.460009] cloud-init[956]: Your public key has been saved in /etc/ssh/ssh_host_ed25519_key.pub.
[   21.473675] cloud-init[956]: The key fingerprint is:
[   21.480847] cloud-init[956]: SHA256:DR5H8R3ZVOfIkbCn7IQvKPu4Lr8ZYUhGYw2dAhGMDbA root@ubuntu-xenial
[   21.484298] cloud-init[956]: The key's randomart image is:
[   21.486153] cloud-init[956]: +--[ED25519 256]--+
[   21.496834] cloud-init[956]: |+=++=+ .  o...o==|
[   21.499312] cloud-init[956]: |..oo..+  . . +o=o|
[   21.500637] cloud-init[956]: |E   o.  o . o = .|
[   21.502376] cloud-init[956]: |   o . . = o o   |
[   21.504861] cloud-init[956]: |    . o S o +    |
[   21.507248] cloud-init[956]: |     . . . +     |
[   21.509892] cloud-init[956]: |      o . . o    |
[   21.536362] cloud-init[956]: |    .  *   .     |
[   21.576645] cloud-init[956]: |     +O+.        |
[   21.596145] cloud-init[956]: +----[SHA256]-----+
         Starting Pollinate to seed the pseudo random number generator...
         Starting /etc/rc.local Compatibility...
         Starting System Logging Service...
         Starting LSB: Record successful boot for GRUB...
[[0;32m  OK  [0m] Started FUSE filesystem for LXC.
         Starting Snappy daemon...
[[0;32m  OK  [0m] Started Deferred execution scheduler.
         Starting Virtualbox guest utils...
[[0;32m  OK  [0m] Started /etc/rc.local Compatibility.
[[0;32m  OK  [0m] Started Login Service.
[[0;32m  OK  [0m] Started Unattended Upgrades Shutdown.
[[0;32m  OK  [0m] Started LSB: Record successful boot for GRUB.
         Starting Authenticate and Authorize Users to Run Privileged Tasks...
[[0;32m  OK  [0m] Started Login to default iSCSI targets.
[[0;32m  OK  [0m] Reached target Remote File Systems (Pre).
[[0;32m  OK  [0m] Reached target Remote File Systems.
         Starting LSB: automatic crash report generation...
         Starting LSB: Set the CPU Frequency Scaling governor to "ondemand"...
         Starting Permit User Sessions...
         Starting LSB: daemon to balance interrupts for SMP systems...
[[0;32m  OK  [0m] Started System Logging Service.
[[0;32m  OK  [0m] Started LSB: Set the CPU Frequency Scaling governor to "ondemand".
[[0;32m  OK  [0m] Started Permit User Sessions.
[[0;32m  OK  [0m] Started LSB: MD monitoring daemon.
         Starting Hold until boot process finishes up...
         Starting Terminate Plymouth Boot Screen...
[[0;32m  OK  [0m] Started Hold until boot process finishes up.
         Starting Set console scheme...
[[0;32m  OK  [0m] Started Serial Getty on ttyS0.
[[0;32m  OK  [0m] Started Getty on tty1.
[[0;32m  OK  [0m] Reached target Login Prompts.
[[0;32m  OK  [0m] Started Terminate Plymouth Boot Screen.
[[0;32m  OK  [0m] Started LSB: automatic crash report generation.
[[0;32m  OK  [0m] Started LSB: daemon to balance interrupts for SMP systems.
[[0;32m  OK  [0m] Started Set console scheme.
[[0;32m  OK  [0m] Started Authenticate and Authorize Users to Run Privileged Tasks.
[[0;32m  OK  [0m] Started Accounts Service.
[[0;32m  OK  [0m] Started Virtualbox guest utils.
[[0;32m  OK  [0m] Started LXD - container startup/shutdown.
[[0;32m  OK  [0m] Started Snappy daemon.
         Starting Wait until snapd is fully seeded...
[[0;32m  OK  [0m] Started Pollinate to seed the pseudo random number generator.
         Starting OpenBSD Secure Shell server...
[[0;32m  OK  [0m] Started OpenBSD Secure Shell server.
[[0;32m  OK  [0m] Created slice User Slice of vagrant.
         Starting User Manager for UID 1000...
[[0;32m  OK  [0m] Started Session 1 of user vagrant.
[[0;32m  OK  [0m] Started User Manager for UID 1000.
[   28.633529] cloud-init[1406]: Generating locales (this might take a while)...

Ubuntu 16.04.6 LTS ubuntu-xenial ttyS0

ubuntu-xenial login: [   29.927437] cloud-init[1406]:   en_US.UTF-8... done
[   29.929089] cloud-init[1406]: Generation complete.
[   31.246318] cloud-init[1406]: Cloud-init v. 19.4-33-gbb4131a2-0ubuntu1~16.04.1 running 'modules:config' at Tue, 07 Apr 2020 02:36:54 +0000. Up 28.42 seconds.
ci-info: no authorized SSH keys fingerprints found for user ubuntu.
<14>Apr  7 02:36:58 ec2: 
<14>Apr  7 02:36:58 ec2: #############################################################
<14>Apr  7 02:36:58 ec2: -----BEGIN SSH HOST KEY FINGERPRINTS-----
<14>Apr  7 02:36:58 ec2: 1024 SHA256:Vl+5Gdtb8SPtkGEal+SQE7NPZqKmM4L44h9bCnUvzn0 root@ubuntu-xenial (DSA)
<14>Apr  7 02:36:58 ec2: 256 SHA256:7pV8ncpTrmHV4W+YRLkhJnMGN7bA/vagljACG4LmJ68 root@ubuntu-xenial (ECDSA)
<14>Apr  7 02:36:58 ec2: 256 SHA256:DR5H8R3ZVOfIkbCn7IQvKPu4Lr8ZYUhGYw2dAhGMDbA root@ubuntu-xenial (ED25519)
<14>Apr  7 02:36:58 ec2: 2048 SHA256:fNgLumQ7dUeM8p6Ye8VC4iahWI+muU/aOM69vnMsmwM root@ubuntu-xenial (RSA)
<14>Apr  7 02:36:58 ec2: -----END SSH HOST KEY FINGERPRINTS-----
<14>Apr  7 02:36:58 ec2: #############################################################
-----BEGIN SSH HOST KEY KEYS-----
ecdsa-sha2-nistp256 AAAAE2VjZHNhLXNoYTItbmlzdHAyNTYAAAAIbmlzdHAyNTYAAABBBHTgIPdr2WfiI3kJNwHyI4fXYwX1rJ3J5p6l7inFwOVG8BVUjjJwrBPcksY3Ube32CX3+QdYPZiF7lwiJUw2mT8= root@ubuntu-xenial
ssh-ed25519 AAAAC3NzaC1lZDI1NTE5AAAAIAQnYLDDY/U4iW4J02Tnf23yElXKRnunBrAf1gHR1Ky+ root@ubuntu-xenial
ssh-rsa AAAAB3NzaC1yc2EAAAADAQABAAABAQC7WhNg9i4cTKTgQHmxwJBJ1WAdAz/qNGFfQYECCpY41MWLFUx9b07i4yNQBZ5mh07ruSJ92uF5ZxYXd+/KSprzOLHJgOSy57Z4PCDOTefVLeZc6sQWbdzOYg6WLXFxfbgeQe/ma/m6EalYPPNeJQk3MaWD+rWH4R6EFqei9FpDW7kn8glIAQz1q3roEbSWt1Z4B3xLwll8sPjh2Ll3g8D4P7Ay9FaI5N8TtDC6xDS3Els88pAyzk/Dh7tNYHFAPrP3sAbLo7AWZ6JT4HbJeHarvlv5ZyX9L+eFmwoo8Ev3gfpuaRKHQ3/Mop1VGxfkm+luY9Wr9Eu+MZLaXPST9/mF root@ubuntu-xenial
-----END SSH HOST KEY KEYS-----
[   31.906553] cloud-init[1591]: Cloud-init v. 19.4-33-gbb4131a2-0ubuntu1~16.04.1 running 'modules:final' at Tue, 07 Apr 2020 02:36:58 +0000. Up 31.68 seconds.
[   31.907007] cloud-init[1591]: ci-info: no authorized SSH keys fingerprints found for user ubuntu.
[   31.907309] cloud-init[1591]: Cloud-init v. 19.4-33-gbb4131a2-0ubuntu1~16.04.1 finished at Tue, 07 Apr 2020 02:36:58 +0000. Datasource DataSourceNoCloud [seed=/dev/sdb][dsmode=net].  Up 31.89 seconds
